<?xml version="1.0" encoding="UTF-8"?>
<beans xmlns="http://www.springframework.org/schema/beans"
	xmlns:xsi="http://www.w3.org/2001/XMLSchema-instance"
	xsi:schemaLocation="http://www.springframework.org/schema/beans
	 http://www.springframework.org/schema/beans/spring-beans-3.1.xsd">
	
	<bean id="dataSource"
	 class="org.springframework.jdbc.datasource.SimpleDriverDataSource">
		<property name="driverClass" value="org.h2.Driver"/>
		<property name="url" value="jdbc:h2:~/test"/>
		<property name="username" value="sa"/>
	</bean>
	
	<bean id="userDao" class="toby.user.dao.UserDaoH2">
		<property name="dataSource" ref="dataSource"/>
	</bean>
	
	<bean id="transactionManager" class="org.springframework.jdbc.datasource.DataSourceTransactionManager">
		<property name="dataSource" ref="dataSource"/>
	</bean>
	
	<!-- <bean id="mailSender" class="org.springframework.mail.javamail.JavaMailSenderImpl">
		<property name="host" value="mail.server.com"/>
	</bean> -->
	
	<bean id="mailSender" class="toby.user.service.DummyMailSender"/>
	
	<bean id="userService" class="toby.user.service.UserService">
		<property name="userDao" ref="userDao"/>
		<property name="transactionManager" ref="transactionManager"/>
		<property name="mailSender" ref="mailSender"/>
	</bean>
	
</beans>